<?xml version="1.0" encoding="UTF-8"?>
<!-- Generated by org.testng.reporters.JUnitXMLReporter -->
<testsuite hostname="Rajesh_Hari" ignored="0" name="Test Maven Testing" tests="3" failures="1" timestamp="03 Jul 2020 18:20:45 GMT" time="0.16" errors="0">
  <testcase name="verifyFail" time="0.004" classname="com.qa.test.DemoClass">
    <failure type="java.lang.AssertionError" message="expected [true] but found [false]">
      <![CDATA[java.lang.AssertionError: expected [true] but found [false]
	at com.qa.test.DemoClass.verifyFail(DemoClass.java:16)
... Removed 32 stack frames]]>
    </failure>
  </testcase> <!-- verifyFail -->
  <testcase name="verifyEqual" time="0.001" classname="com.qa.test.DemoClass1"/>
  <testcase name="verifyPass" time="0.001" classname="com.qa.test.DemoClass1"/>
</testsuite> <!-- Test Maven Testing -->
