<?xml version="1.0" encoding="UTF-8"?>
<testng-results skipped="0" failed="1" ignored="0" total="3" passed="2">
  <reporter-output>
  </reporter-output>
  <suite name="Test Maven Suite" duration-ms="160" started-at="2020-07-03T18:20:44Z" finished-at="2020-07-03T18:20:44Z">
    <groups>
    </groups>
    <test name="Test Maven Testing" duration-ms="160" started-at="2020-07-03T18:20:44Z" finished-at="2020-07-03T18:20:44Z">
      <class name="com.qa.test.DemoClass">
        <test-method status="PASS" signature="beforetest()[pri:0, instance:com.qa.test.DemoClass@1604f19]" name="beforetest" is-config="true" duration-ms="35" started-at="2020-07-03T19:20:44Z" finished-at="2020-07-03T19:20:44Z">
          <reporter-output>
          </reporter-output>
        </test-method> <!-- beforetest -->
        <test-method status="FAIL" signature="verifyFail()[pri:0, instance:com.qa.test.DemoClass@1604f19]" name="verifyFail" duration-ms="4" started-at="2020-07-03T19:20:44Z" finished-at="2020-07-03T19:20:44Z">
          <exception class="java.lang.AssertionError">
            <message>
              <![CDATA[expected [true] but found [false]]]>
            </message>
            <full-stacktrace>
              <![CDATA[java.lang.AssertionError: expected [true] but found [false]
	at org.testng.Assert.fail(Assert.java:93)
	at org.testng.Assert.failNotEquals(Assert.java:512)
	at org.testng.Assert.assertTrue(Assert.java:41)
	at org.testng.Assert.assertTrue(Assert.java:51)
	at com.qa.test.DemoClass.verifyFail(DemoClass.java:16)
	at sun.reflect.NativeMethodAccessorImpl.invoke0(Native Method)
	at sun.reflect.NativeMethodAccessorImpl.invoke(NativeMethodAccessorImpl.java:62)
	at sun.reflect.DelegatingMethodAccessorImpl.invoke(DelegatingMethodAccessorImpl.java:43)
	at java.lang.reflect.Method.invoke(Method.java:498)
	at org.testng.internal.MethodInvocationHelper.invokeMethod(MethodInvocationHelper.java:108)
	at org.testng.internal.Invoker.invokeMethod(Invoker.java:661)
	at org.testng.internal.Invoker.invokeTestMethod(Invoker.java:869)
	at org.testng.internal.Invoker.invokeTestMethods(Invoker.java:1193)
	at org.testng.internal.TestMethodWorker.invokeTestMethods(TestMethodWorker.java:126)
	at org.testng.internal.TestMethodWorker.run(TestMethodWorker.java:109)
	at org.testng.TestRunner.privateRun(TestRunner.java:744)
	at org.testng.TestRunner.run(TestRunner.java:602)
	at org.testng.SuiteRunner.runTest(SuiteRunner.java:380)
	at org.testng.SuiteRunner.runSequentially(SuiteRunner.java:375)
	at org.testng.SuiteRunner.privateRun(SuiteRunner.java:340)
	at org.testng.SuiteRunner.run(SuiteRunner.java:289)
	at org.testng.SuiteRunnerWorker.runSuite(SuiteRunnerWorker.java:52)
	at org.testng.SuiteRunnerWorker.run(SuiteRunnerWorker.java:86)
	at org.testng.TestNG.runSuitesSequentially(TestNG.java:1301)
	at org.testng.TestNG.runSuitesLocally(TestNG.java:1226)
	at org.testng.TestNG.runSuites(TestNG.java:1144)
	at org.testng.TestNG.run(TestNG.java:1115)
	at org.apache.maven.surefire.testng.TestNGExecutor.run(TestNGExecutor.java:281)
	at org.apache.maven.surefire.testng.TestNGXmlTestSuite.execute(TestNGXmlTestSuite.java:75)
	at org.apache.maven.surefire.testng.TestNGProvider.invoke(TestNGProvider.java:121)
	at org.apache.maven.surefire.booter.ForkedBooter.invokeProviderInSameClassLoader(ForkedBooter.java:290)
	at org.apache.maven.surefire.booter.ForkedBooter.runSuitesInProcess(ForkedBooter.java:242)
	at org.apache.maven.surefire.booter.ForkedBooter.main(ForkedBooter.java:121)
]]>
            </full-stacktrace>
          </exception> <!-- java.lang.AssertionError -->
          <reporter-output>
          </reporter-output>
        </test-method> <!-- verifyFail -->
        <test-method status="PASS" signature="afterTest()[pri:0, instance:com.qa.test.DemoClass@1604f19]" name="afterTest" is-config="true" duration-ms="1" started-at="2020-07-03T19:20:44Z" finished-at="2020-07-03T19:20:44Z">
          <reporter-output>
          </reporter-output>
        </test-method> <!-- afterTest -->
      </class> <!-- com.qa.test.DemoClass -->
      <class name="com.qa.test.DemoClass1">
        <test-method status="PASS" signature="verifyEqual()[pri:0, instance:com.qa.test.DemoClass1@23a2f9]" name="verifyEqual" duration-ms="1" started-at="2020-07-03T19:20:44Z" finished-at="2020-07-03T19:20:44Z">
          <reporter-output>
          </reporter-output>
        </test-method> <!-- verifyEqual -->
        <test-method status="PASS" signature="verifyPass()[pri:0, instance:com.qa.test.DemoClass1@23a2f9]" name="verifyPass" duration-ms="1" started-at="2020-07-03T19:20:44Z" finished-at="2020-07-03T19:20:44Z">
          <reporter-output>
          </reporter-output>
        </test-method> <!-- verifyPass -->
      </class> <!-- com.qa.test.DemoClass1 -->
    </test> <!-- Test Maven Testing -->
  </suite> <!-- Test Maven Suite -->
</testng-results>
